mode: set
C:\Users\HP PC\Desktop\GoLang\ch13\table\table.go:8.53,9.12 1 1
C:\Users\HP PC\Desktop\GoLang\ch13\table\table.go:10.11,11.26 1 1
C:\Users\HP PC\Desktop\GoLang\ch13\table\table.go:12.11,13.26 1 1
C:\Users\HP PC\Desktop\GoLang\ch13\table\table.go:14.11,15.16 1 1
C:\Users\HP PC\Desktop\GoLang\ch13\table\table.go:18.3,18.24 1 1
C:\Users\HP PC\Desktop\GoLang\ch13\table\table.go:19.11,20.26 1 1
C:\Users\HP PC\Desktop\GoLang\ch13\table\table.go:21.11,22.50 1 1
C:\Users\HP PC\Desktop\GoLang\ch13\table\table.go:15.16,17.4 1 1
